0 info it worked if it ends with ok
1 verbose cli [ 'C:\\Program Files\\nodejs\\node.exe',
1 verbose cli   'C:\\Program Files\\nodejs\\node_modules\\npm\\bin\\npm-cli.js',
1 verbose cli   'run',
1 verbose cli   'test-watch' ]
2 info using npm@3.10.9
3 info using node@v6.9.2
4 verbose run-script [ 'pretest-watch', 'test-watch', 'posttest-watch' ]
5 info lifecycle node-todo-api@1.0.0~pretest-watch: node-todo-api@1.0.0
6 silly lifecycle node-todo-api@1.0.0~pretest-watch: no script for pretest-watch, continuing
7 info lifecycle node-todo-api@1.0.0~test-watch: node-todo-api@1.0.0
8 verbose lifecycle node-todo-api@1.0.0~test-watch: unsafe-perm in lifecycle true
9 verbose lifecycle node-todo-api@1.0.0~test-watch: PATH: C:\Program Files\nodejs\node_modules\npm\bin\node-gyp-bin;D:\Work\git-projects\nodejs\node-todo-api\node_modules\.bin;D:\Programs\Git\cmd;C:\ProgramData\Oracle\Java\javapath;C:\Program Files (x86)\Intel\iCLS Client\;C:\Program Files\Intel\iCLS Client\;C:\Windows\system32;C:\Windows;C:\Windows\System32\Wbem;C:\Windows\System32\WindowsPowerShell\v1.0\;C:\Program Files (x86)\NVIDIA Corporation\PhysX\Common;C:\Program Files (x86)\Intel\Intel(R) Management Engine Components\DAL;C:\Program Files\Intel\Intel(R) Management Engine Components\DAL;C:\Program Files (x86)\Intel\Intel(R) Management Engine Components\IPT;C:\Program Files\Intel\Intel(R) Management Engine Components\IPT;C:\Program Files\Intel\WiFi\bin\;C:\Program Files\Common Files\Intel\WirelessCommon\;C:\WINDOWS\system32;C:\WINDOWS;C:\WINDOWS\System32\Wbem;C:\WINDOWS\System32\WindowsPowerShell\v1.0\;C:\Program Files (x86)\Java\jdk1.8.0_101\bin;C:\Program Files (x86)\Skype\Phone\;C:\Program Files\MySQL\MySQL Utilities 1.6\;C:\Program Files\nodejs\;C:\Users\ifandi\AppData\Local\Microsoft\WindowsApps;C:\Program Files (x86)\Microsoft VS Code\bin;C:\Users\ifandi\AppData\Local\atom\bin;C:\Users\ifandi\AppData\Local\Android\sdk\platform-tools;C:\Program Files (x86)\Java\jdk1.8.0_101\bin;D:\Programs\apache-maven-3.3.9\bin;C:\Users\ifandi\AppData\Roaming\npm;D:\apd-work\Adobe Experience Manager 6.2\crx-quickstart\opt\filevault\filevault\vault-cli-3.1.16\bin;D:\Programs\Heroku\bin
10 verbose lifecycle node-todo-api@1.0.0~test-watch: CWD: D:\Work\git-projects\nodejs\node-todo-api
11 silly lifecycle node-todo-api@1.0.0~test-watch: Args: [ '/d /s /c', 'nodemon --exec npm test' ]
12 silly lifecycle node-todo-api@1.0.0~test-watch: Returned: code: 3221225786  signal: null
13 info lifecycle node-todo-api@1.0.0~test-watch: Failed to exec test-watch script
14 verbose stack Error: node-todo-api@1.0.0 test-watch: `nodemon --exec npm test`
14 verbose stack Exit status 3221225786
14 verbose stack     at EventEmitter.<anonymous> (C:\Program Files\nodejs\node_modules\npm\lib\utils\lifecycle.js:255:16)
14 verbose stack     at emitTwo (events.js:106:13)
14 verbose stack     at EventEmitter.emit (events.js:191:7)
14 verbose stack     at ChildProcess.<anonymous> (C:\Program Files\nodejs\node_modules\npm\lib\utils\spawn.js:40:14)
14 verbose stack     at emitTwo (events.js:106:13)
14 verbose stack     at ChildProcess.emit (events.js:191:7)
14 verbose stack     at maybeClose (internal/child_process.js:877:16)
14 verbose stack     at Process.ChildProcess._handle.onexit (internal/child_process.js:226:5)
15 verbose pkgid node-todo-api@1.0.0
16 verbose cwd D:\Work\git-projects\nodejs\node-todo-api
17 error Windows_NT 10.0.14393
18 error argv "C:\\Program Files\\nodejs\\node.exe" "C:\\Program Files\\nodejs\\node_modules\\npm\\bin\\npm-cli.js" "run" "test-watch"
19 error node v6.9.2
20 error npm  v3.10.9
21 error code ELIFECYCLE
22 error node-todo-api@1.0.0 test-watch: `nodemon --exec npm test`
22 error Exit status 3221225786
23 error Failed at the node-todo-api@1.0.0 test-watch script 'nodemon --exec npm test'.
23 error Make sure you have the latest version of node.js and npm installed.
23 error If you do, this is most likely a problem with the node-todo-api package,
23 error not with npm itself.
23 error Tell the author that this fails on your system:
23 error     nodemon --exec npm test
23 error You can get information on how to open an issue for this project with:
23 error     npm bugs node-todo-api
23 error Or if that isn't available, you can get their info via:
23 error     npm owner ls node-todo-api
23 error There is likely additional logging output above.
24 verbose exit [ 1, true ]
